Using pre-set license
Built from '2020.3/staging' branch; Version is '2020.3.26f1 (7298b473bc1a) revision 7510196'; Using compiler version '192528614'; Build Type 'Release'
OS: 'Windows 10  (10.0.19044) 64bit Core' Language: 'en' Physical Memory: 16318 MB
BatchMode: 1, IsHumanControllingUs: 0, StartBugReporterOnCrash: 0, Is64bit: 1, IsPro: 0

COMMAND LINE ARGUMENTS:
C:\Program Files\Unity\Hub\Editor\2020.3.26f1\Editor\Unity.exe
-adb2
-batchMode
-noUpm
-name
AssetImportWorker0
-projectPath
C:/Users/Sammy Ricketts/Documents/GitHub/MissionDemolition/MissionDemolitionUnity
-logFile
Logs/AssetImportWorker0.log
-srvPort
64084
Successfully changed project path to: C:/Users/Sammy Ricketts/Documents/GitHub/MissionDemolition/MissionDemolitionUnity
C:/Users/Sammy Ricketts/Documents/GitHub/MissionDemolition/MissionDemolitionUnity
Using Asset Import Pipeline V2.
Refreshing native plugins compatible for Editor in 25.05 ms, found 2 plugins.
Preloading 0 native plugins for Editor in 0.00 ms.
Initialize engine version: 2020.3.26f1 (7298b473bc1a)
[Subsystems] Discovering subsystems at path C:/Program Files/Unity/Hub/Editor/2020.3.26f1/Editor/Data/Resources/UnitySubsystems
[Subsystems] Discovering subsystems at path C:/Users/Sammy Ricketts/Documents/GitHub/MissionDemolition/MissionDemolitionUnity/Assets
GfxDevice: creating device client; threaded=0
Direct3D:
    Version:  Direct3D 11.0 [level 11.1]
    Renderer: NVIDIA GeForce GTX 1080 (ID=0x1b80)
    Vendor:   
    VRAM:     8079 MB
    Driver:   30.0.15.1179
Initialize mono
Mono path[0] = 'C:/Program Files/Unity/Hub/Editor/2020.3.26f1/Editor/Data/Managed'
Mono path[1] = 'C:/Program Files/Unity/Hub/Editor/2020.3.26f1/Editor/Data/MonoBleedingEdge/lib/mono/unityjit'
Mono config path = 'C:/Program Files/Unity/Hub/Editor/2020.3.26f1/Editor/Data/MonoBleedingEdge/etc'
Using monoOptions --debugger-agent=transport=dt_socket,embedding=1,server=y,suspend=n,address=127.0.0.1:56616
Begin MonoManager ReloadAssembly
Registering precompiled unity dll's ...
Register platform support module: C:/Program Files/Unity/Hub/Editor/2020.3.26f1/Editor/Data/PlaybackEngines/WebGLSupport/UnityEditor.WebGL.Extensions.dll
Register platform support module: C:/Program Files/Unity/Hub/Editor/2020.3.26f1/Editor/Data/PlaybackEngines/WindowsStandaloneSupport/UnityEditor.WindowsStandalone.Extensions.dll
Registered in 0.001957 seconds.
Native extension for WindowsStandalone target not found
Native extension for WebGL target not found
Refreshing native plugins compatible for Editor in 24.95 ms, found 2 plugins.
Preloading 0 native plugins for Editor in 0.00 ms.
Mono: successfully reloaded assembly
- Completed reload, in  0.453 seconds
Domain Reload Profiling:
	ReloadAssembly (454ms)
		BeginReloadAssembly (43ms)
			ExecutionOrderSort (0ms)
			DisableScriptedObjects (0ms)
			BackupInstance (0ms)
			ReleaseScriptingObjects (0ms)
			CreateAndSetChildDomain (1ms)
		EndReloadAssembly (352ms)
			LoadAssemblies (41ms)
			RebuildTransferFunctionScriptingTraits (0ms)
			SetupTypeCache (122ms)
			ReleaseScriptCaches (0ms)
			RebuildScriptCaches (24ms)
			SetupLoadedEditorAssemblies (129ms)
				LogAssemblyErrors (0ms)
				InitializePlatformSupportModulesInManaged (4ms)
				SetLoadedEditorAssemblies (0ms)
				RefreshPlugins (25ms)
				BeforeProcessingInitializeOnLoad (10ms)
				ProcessInitializeOnLoadAttributes (68ms)
				ProcessInitializeOnLoadMethodAttributes (22ms)
				AfterProcessingInitializeOnLoad (0ms)
				EditorAssembliesLoaded (0ms)
			ExecutionOrderSort2 (0ms)
			AwakeInstancesAfterBackupRestoration (0ms)
Platform modules already initialized, skipping
Registering precompiled user dll's ...
Registered in 0.003514 seconds.
Begin MonoManager ReloadAssembly
Native extension for WindowsStandalone target not found
Native extension for WebGL target not found
Refreshing native plugins compatible for Editor in 0.28 ms, found 2 plugins.
Preloading 0 native plugins for Editor in 0.00 ms.
Mono: successfully reloaded assembly
- Completed reload, in  0.791 seconds
Domain Reload Profiling:
	ReloadAssembly (792ms)
		BeginReloadAssembly (113ms)
			ExecutionOrderSort (0ms)
			DisableScriptedObjects (4ms)
			BackupInstance (0ms)
			ReleaseScriptingObjects (0ms)
			CreateAndSetChildDomain (14ms)
		EndReloadAssembly (630ms)
			LoadAssemblies (68ms)
			RebuildTransferFunctionScriptingTraits (0ms)
			SetupTypeCache (221ms)
			ReleaseScriptCaches (0ms)
			RebuildScriptCaches (32ms)
			SetupLoadedEditorAssemblies (236ms)
				LogAssemblyErrors (0ms)
				InitializePlatformSupportModulesInManaged (4ms)
				SetLoadedEditorAssemblies (0ms)
				RefreshPlugins (0ms)
				BeforeProcessingInitializeOnLoad (67ms)
				ProcessInitializeOnLoadAttributes (152ms)
				ProcessInitializeOnLoadMethodAttributes (7ms)
				AfterProcessingInitializeOnLoad (5ms)
				EditorAssembliesLoaded (0ms)
			ExecutionOrderSort2 (0ms)
			AwakeInstancesAfterBackupRestoration (5ms)
Platform modules already initialized, skipping
========================================================================
Worker process is ready to serve import requests
Launched and connected shader compiler UnityShaderCompiler.exe after 0.06 seconds
Refreshing native plugins compatible for Editor in 0.25 ms, found 2 plugins.
Preloading 0 native plugins for Editor in 0.00 ms.
Unloading 1503 Unused Serialized files (Serialized files now loaded: 0)
System memory in use before: 68.0 MB.
System memory in use after: 68.1 MB.

Unloading 19 unused Assets to reduce memory usage. Loaded Objects now: 1935.
Total: 2.118100 ms (FindLiveObjects: 0.099200 ms CreateObjectMapping: 0.036300 ms MarkObjects: 1.936000 ms  DeleteObjects: 0.045700 ms)

AssetImportParameters requested are different than current active one (requested -> active):
  custom:framework-win-MediaFoundation: 216162199b28c13a410421893ffa2e32 -> 
  custom:video-decoder-ogg-theora: a1e56fd34408186e4bbccfd4996cb3dc -> 
  custom:container-muxer-webm: aa71ff27fc2769a1b78a27578f13a17b -> 
  custom:container-demuxer-webm: 4f35f7cbe854078d1ac9338744f61a02 -> 
  custom:container-demuxer-ogg: 62fdf1f143b41e24485cea50d1cbac27 -> 
  custom:video-encoder-webm-vp8: eb34c28f22e8b96e1ab97ce403110664 -> 
  custom:video-decoder-webm-vp8: 9c59270c3fd7afecdb556c50c9e8de78 -> 
  custom:audio-decoder-ogg-vorbis: bf7c407c2cedff20999df2af8eb42d56 -> 
  custom:audio-encoder-webm-vorbis: bf7c407c2cedff20999df2af8eb42d56 -> 
========================================================================
Received Import Request.
  path: Assets/Material
  artifactKey: Guid(87db1a2a87ffc244e9b17139e72f65f2) Importer(815301076,1909f56bfc062723c751e8b465ee728b)
Start importing Assets/Material using Guid(87db1a2a87ffc244e9b17139e72f65f2) Importer(815301076,1909f56bfc062723c751e8b465ee728b)  -> (artifact id: '4d25cab1a3d5a579d150c4376d7955f4') in 0.008156 seconds 
  Import took 0.009881 seconds .

========================================================================
Received Import Request.
  Time since last request: 2.958337 seconds.
  path: Assets/Prefabs
  artifactKey: Guid(4dbfa7787a34ff54cb9f586ded480527) Importer(815301076,1909f56bfc062723c751e8b465ee728b)
Start importing Assets/Prefabs using Guid(4dbfa7787a34ff54cb9f586ded480527) Importer(815301076,1909f56bfc062723c751e8b465ee728b)  -> (artifact id: '9c13adcb2130937095b49c22f4414c0c') in 0.006344 seconds 
  Import took 0.008441 seconds .

========================================================================
Received Import Request.
  Time since last request: 5.218225 seconds.
  path: Assets/NewBehaviourScript.cs
  artifactKey: Guid(90dd21daca2ee1741b035c3f069a87cf) Importer(815301076,1909f56bfc062723c751e8b465ee728b)
Start importing Assets/NewBehaviourScript.cs using Guid(90dd21daca2ee1741b035c3f069a87cf) Importer(815301076,1909f56bfc062723c751e8b465ee728b)  -> (artifact id: '3f3084ede0bb931f7133bd42e2dbf7ed') in 0.033683 seconds 
  Import took 0.035397 seconds .

========================================================================
Received Prepare
Registering precompiled user dll's ...
Registered in 0.003245 seconds.
Begin MonoManager ReloadAssembly
Native extension for WindowsStandalone target not found
Native extension for WebGL target not found
Refreshing native plugins compatible for Editor in 0.28 ms, found 2 plugins.
Preloading 0 native plugins for Editor in 0.00 ms.
Mono: successfully reloaded assembly
- Completed reload, in  0.750 seconds
Domain Reload Profiling:
	ReloadAssembly (750ms)
		BeginReloadAssembly (90ms)
			ExecutionOrderSort (0ms)
			DisableScriptedObjects (3ms)
			BackupInstance (0ms)
			ReleaseScriptingObjects (0ms)
			CreateAndSetChildDomain (24ms)
		EndReloadAssembly (610ms)
			LoadAssemblies (65ms)
			RebuildTransferFunctionScriptingTraits (0ms)
			SetupTypeCache (219ms)
			ReleaseScriptCaches (1ms)
			RebuildScriptCaches (29ms)
			SetupLoadedEditorAssemblies (221ms)
				LogAssemblyErrors (0ms)
				InitializePlatformSupportModulesInManaged (4ms)
				SetLoadedEditorAssemblies (1ms)
				RefreshPlugins (0ms)
				BeforeProcessingInitializeOnLoad (63ms)
				ProcessInitializeOnLoadAttributes (141ms)
				ProcessInitializeOnLoadMethodAttributes (6ms)
				AfterProcessingInitializeOnLoad (5ms)
				EditorAssembliesLoaded (0ms)
			ExecutionOrderSort2 (0ms)
			AwakeInstancesAfterBackupRestoration (5ms)
Platform modules already initialized, skipping
Refreshing native plugins compatible for Editor in 0.25 ms, found 2 plugins.
Preloading 0 native plugins for Editor in 0.00 ms.
Unloading 1497 Unused Serialized files (Serialized files now loaded: 0)
System memory in use before: 67.9 MB.
System memory in use after: 68.0 MB.

Unloading 14 unused Assets to reduce memory usage. Loaded Objects now: 1937.
Total: 2.053300 ms (FindLiveObjects: 0.095900 ms CreateObjectMapping: 0.035500 ms MarkObjects: 1.910200 ms  DeleteObjects: 0.011000 ms)

AssetImportParameters requested are different than current active one (requested -> active):
  custom:framework-win-MediaFoundation: 216162199b28c13a410421893ffa2e32 -> 
  custom:video-decoder-ogg-theora: a1e56fd34408186e4bbccfd4996cb3dc -> 
  custom:container-muxer-webm: aa71ff27fc2769a1b78a27578f13a17b -> 
  custom:container-demuxer-webm: 4f35f7cbe854078d1ac9338744f61a02 -> 
  custom:container-demuxer-ogg: 62fdf1f143b41e24485cea50d1cbac27 -> 
  custom:video-encoder-webm-vp8: eb34c28f22e8b96e1ab97ce403110664 -> 
  custom:video-decoder-webm-vp8: 9c59270c3fd7afecdb556c50c9e8de78 -> 
  custom:audio-decoder-ogg-vorbis: bf7c407c2cedff20999df2af8eb42d56 -> 
  custom:audio-encoder-webm-vorbis: bf7c407c2cedff20999df2af8eb42d56 -> 
========================================================================
Received Import Request.
  Time since last request: 13.713486 seconds.
  path: Assets/Scripts
  artifactKey: Guid(3a799a1351586864b9b49a5b11b0755b) Importer(815301076,1909f56bfc062723c751e8b465ee728b)
Start importing Assets/Scripts using Guid(3a799a1351586864b9b49a5b11b0755b) Importer(815301076,1909f56bfc062723c751e8b465ee728b)  -> (artifact id: 'bebeaa5f6f46f361a64976fcfea05175') in 0.006867 seconds 
  Import took 0.008609 seconds .

========================================================================
Received Import Request.
  Time since last request: 11.618775 seconds.
  path: Assets/Material/Mat_Ground.mat
  artifactKey: Guid(531862ad2cc491a42b2ae419ddf697e3) Importer(815301076,1909f56bfc062723c751e8b465ee728b)
Start importing Assets/Material/Mat_Ground.mat using Guid(531862ad2cc491a42b2ae419ddf697e3) Importer(815301076,1909f56bfc062723c751e8b465ee728b)  -> (artifact id: 'ea1f7b8e6630611aaac7c695ba25c912') in 0.072350 seconds 
  Import took 0.074159 seconds .

========================================================================
Received Import Request.
  Time since last request: 269.327824 seconds.
  path: Assets/Material/Mat_Slingshot.mat
  artifactKey: Guid(d907d128004e2404eadb72c8fe8017fe) Importer(815301076,1909f56bfc062723c751e8b465ee728b)
Start importing Assets/Material/Mat_Slingshot.mat using Guid(d907d128004e2404eadb72c8fe8017fe) Importer(815301076,1909f56bfc062723c751e8b465ee728b)  -> (artifact id: '2869dfc88e1741d7374b4fa430e3f49e') in 0.010599 seconds 
  Import took 0.013214 seconds .

========================================================================
Received Import Request.
  Time since last request: 168.125181 seconds.
  path: Assets/Material/Mat_Ground.mat
  artifactKey: Guid(531862ad2cc491a42b2ae419ddf697e3) Importer(815301076,1909f56bfc062723c751e8b465ee728b)
Start importing Assets/Material/Mat_Ground.mat using Guid(531862ad2cc491a42b2ae419ddf697e3) Importer(815301076,1909f56bfc062723c751e8b465ee728b)  -> (artifact id: '8165c20ad8b45ab4b754000e2ee631da') in 0.010030 seconds 
  Import took 0.012318 seconds .

========================================================================
Received Import Request.
  Time since last request: 0.000139 seconds.
  path: Assets/Material/Mat_Slingshot.mat
  artifactKey: Guid(d907d128004e2404eadb72c8fe8017fe) Importer(815301076,1909f56bfc062723c751e8b465ee728b)
Start importing Assets/Material/Mat_Slingshot.mat using Guid(d907d128004e2404eadb72c8fe8017fe) Importer(815301076,1909f56bfc062723c751e8b465ee728b)  -> (artifact id: '66043eb22f8988a196b29920c8d95d6a') in 0.009591 seconds 
  Import took 0.012255 seconds .

AssetImportWorkerClient::OnTransportError - code=2 error=End of file
